TN:
SF:src/logger.js
FN:3,(anonymous_0)
FN:89,(anonymous_1)
FN:108,(anonymous_2)
FN:111,(anonymous_3)
FN:126,(anonymous_4)
FN:151,(anonymous_5)
FN:154,(anonymous_6)
FNF:7
FNH:7
FNDA:57,(anonymous_0)
FNDA:11,(anonymous_1)
FNDA:4,(anonymous_2)
FNDA:4,(anonymous_3)
FNDA:12,(anonymous_4)
FNDA:4,(anonymous_5)
FNDA:4,(anonymous_6)
DA:3,65
DA:4,57
DA:22,57
DA:24,57
DA:25,2
DA:28,55
DA:29,55
DA:30,55
DA:31,55
DA:32,55
DA:36,55
DA:37,55
DA:38,55
DA:41,55
DA:42,1
DA:43,1
DA:47,54
DA:49,54
DA:50,48
DA:53,54
DA:54,47
DA:57,54
DA:58,17
DA:61,54
DA:62,13
DA:63,12
DA:64,9
DA:67,12
DA:68,4
DA:73,54
DA:74,45
DA:77,54
DA:78,42
DA:81,54
DA:82,37
DA:85,54
DA:89,11
DA:105,65
DA:108,65
DA:109,4
DA:111,4
DA:112,4
DA:115,4
DA:118,4
DA:121,4
DA:126,65
DA:127,12
DA:128,12
DA:130,12
DA:131,1
DA:142,11
DA:143,11
DA:145,11
DA:146,3
DA:149,8
DA:151,8
DA:152,4
DA:154,4
DA:155,4
DA:157,4
DA:164,4
DA:170,4
DA:173,4
DA:177,8
DA:178,8
LF:65
LH:65
BRDA:3,0,0,55
BRDA:4,1,0,57
BRDA:4,1,1,43
BRDA:7,2,0,54
BRDA:8,3,0,55
BRDA:9,4,0,49
BRDA:20,5,0,56
BRDA:21,6,0,55
BRDA:24,7,0,2
BRDA:24,7,1,55
BRDA:28,8,0,55
BRDA:28,8,1,2
BRDA:29,9,0,1
BRDA:29,9,1,54
BRDA:30,10,0,55
BRDA:30,10,1,36
BRDA:31,11,0,55
BRDA:31,11,1,26
BRDA:32,12,0,51
BRDA:32,12,1,4
BRDA:36,13,0,55
BRDA:36,13,1,42
BRDA:36,13,2,8
BRDA:37,14,0,12
BRDA:37,14,1,43
BRDA:37,15,0,55
BRDA:37,15,1,14
BRDA:38,16,0,6
BRDA:38,16,1,49
BRDA:38,17,0,55
BRDA:38,17,1,14
BRDA:41,18,0,1
BRDA:41,18,1,54
BRDA:41,19,0,55
BRDA:41,19,1,14
BRDA:49,20,0,48
BRDA:49,20,1,6
BRDA:53,21,0,47
BRDA:53,21,1,7
BRDA:57,22,0,17
BRDA:57,22,1,37
BRDA:57,23,0,54
BRDA:57,23,1,46
BRDA:61,24,0,13
BRDA:61,24,1,41
BRDA:61,25,0,54
BRDA:61,25,1,13
BRDA:62,26,0,12
BRDA:62,26,1,1
BRDA:63,27,0,9
BRDA:63,27,1,3
BRDA:63,28,0,12
BRDA:63,28,1,11
BRDA:67,29,0,4
BRDA:67,29,1,8
BRDA:67,30,0,12
BRDA:67,30,1,11
BRDA:73,31,0,45
BRDA:73,31,1,9
BRDA:73,32,0,54
BRDA:73,32,1,46
BRDA:77,33,0,42
BRDA:77,33,1,12
BRDA:77,34,0,54
BRDA:77,34,1,46
BRDA:81,35,0,37
BRDA:81,35,1,17
BRDA:81,36,0,54
BRDA:81,36,1,46
BRDA:86,37,0,13
BRDA:86,37,1,41
BRDA:87,38,0,13
BRDA:87,38,1,41
BRDA:127,39,0,12
BRDA:127,39,1,9
BRDA:128,40,0,9
BRDA:130,41,0,1
BRDA:130,41,1,11
BRDA:145,42,0,3
BRDA:145,42,1,8
BRF:80
BRH:80
end_of_record
