TN:
SF:src/logger.js
FN:3,(anonymous_0)
FN:7,(anonymous_1)
FN:8,(anonymous_2)
FN:17,(anonymous_3)
FN:18,(anonymous_4)
FN:26,(anonymous_5)
FN:143,(anonymous_6)
FN:178,(anonymous_7)
FN:181,(anonymous_8)
FN:190,(anonymous_9)
FN:215,(anonymous_10)
FN:222,(anonymous_11)
FN:223,(anonymous_12)
FNF:13
FNH:13
FNDA:342,(anonymous_0)
FNDA:30,(anonymous_1)
FNDA:32,(anonymous_2)
FNDA:13,(anonymous_3)
FNDA:14,(anonymous_4)
FNDA:91,(anonymous_5)
FNDA:17,(anonymous_6)
FNDA:4,(anonymous_7)
FNDA:4,(anonymous_8)
FNDA:13,(anonymous_9)
FNDA:5,(anonymous_10)
FNDA:5,(anonymous_11)
FNDA:5,(anonymous_12)
DA:3,115
DA:4,342
DA:5,31
DA:6,29
DA:7,29
DA:8,32
DA:9,11
DA:12,29
DA:17,115
DA:18,13
DA:19,14
DA:20,4
DA:22,10
DA:26,115
DA:27,91
DA:51,91
DA:53,91
DA:54,2
DA:57,89
DA:58,89
DA:60,89
DA:61,3
DA:64,86
DA:65,1
DA:68,85
DA:69,1
DA:72,84
DA:73,84
DA:75,84
DA:76,84
DA:77,84
DA:78,84
DA:80,84
DA:84,84
DA:85,84
DA:86,84
DA:88,84
DA:89,1
DA:90,1
DA:93,83
DA:95,83
DA:97,83
DA:98,77
DA:101,83
DA:102,76
DA:105,83
DA:106,22
DA:109,83
DA:110,16
DA:111,15
DA:112,12
DA:115,15
DA:116,4
DA:121,83
DA:122,74
DA:125,83
DA:126,71
DA:129,83
DA:130,65
DA:133,83
DA:134,4
DA:137,83
DA:143,17
DA:158,83
DA:159,5
DA:175,115
DA:178,115
DA:179,4
DA:181,4
DA:182,4
DA:183,4
DA:184,4
DA:185,4
DA:190,115
DA:191,13
DA:192,13
DA:194,13
DA:195,1
DA:206,12
DA:207,12
DA:209,12
DA:210,3
DA:213,9
DA:215,9
DA:216,5
DA:217,5
DA:222,5
DA:223,5
DA:224,5
DA:226,5
DA:233,5
DA:239,5
DA:241,5
DA:242,1
DA:247,5
DA:250,9
DA:251,9
LF:97
LH:97
BRDA:4,0,0,311
BRDA:4,0,1,31
BRDA:4,1,0,342
BRDA:4,1,1,279
BRDA:4,1,2,277
BRDA:5,2,0,2
BRDA:5,2,1,29
BRDA:8,3,0,11
BRDA:8,3,1,19
BRDA:19,4,0,4
BRDA:19,4,1,10
BRDA:26,5,0,89
BRDA:27,6,0,91
BRDA:27,6,1,50
BRDA:30,7,0,88
BRDA:31,8,0,89
BRDA:32,9,0,83
BRDA:43,10,0,90
BRDA:44,11,0,89
BRDA:45,12,0,87
BRDA:46,13,0,87
BRDA:47,14,0,88
BRDA:48,15,0,83
BRDA:49,16,0,84
BRDA:50,17,0,86
BRDA:53,18,0,2
BRDA:53,18,1,89
BRDA:57,19,0,89
BRDA:57,19,1,2
BRDA:58,20,0,1
BRDA:58,20,1,88
BRDA:60,21,0,3
BRDA:60,21,1,86
BRDA:60,22,0,89
BRDA:60,22,1,4
BRDA:64,23,0,1
BRDA:64,23,1,85
BRDA:64,24,0,86
BRDA:64,24,1,3
BRDA:68,25,0,1
BRDA:68,25,1,84
BRDA:68,26,0,85
BRDA:68,26,1,3
BRDA:72,27,0,84
BRDA:72,27,1,60
BRDA:73,28,0,84
BRDA:73,28,1,30
BRDA:78,29,0,80
BRDA:78,29,1,4
BRDA:80,30,0,80
BRDA:80,30,1,4
BRDA:84,31,0,84
BRDA:84,31,1,68
BRDA:84,31,2,10
BRDA:85,32,0,15
BRDA:85,32,1,69
BRDA:85,33,0,84
BRDA:85,33,1,17
BRDA:86,34,0,6
BRDA:86,34,1,78
BRDA:86,35,0,84
BRDA:86,35,1,17
BRDA:88,36,0,1
BRDA:88,36,1,83
BRDA:88,37,0,84
BRDA:88,37,1,17
BRDA:93,38,0,83
BRDA:93,38,1,7
BRDA:97,39,0,77
BRDA:97,39,1,6
BRDA:101,40,0,76
BRDA:101,40,1,7
BRDA:105,41,0,22
BRDA:105,41,1,61
BRDA:105,42,0,83
BRDA:105,42,1,75
BRDA:109,43,0,16
BRDA:109,43,1,67
BRDA:109,44,0,83
BRDA:109,44,1,16
BRDA:110,45,0,15
BRDA:110,45,1,1
BRDA:111,46,0,12
BRDA:111,46,1,3
BRDA:111,47,0,15
BRDA:111,47,1,14
BRDA:115,48,0,4
BRDA:115,48,1,11
BRDA:115,49,0,15
BRDA:115,49,1,14
BRDA:121,50,0,74
BRDA:121,50,1,9
BRDA:121,51,0,83
BRDA:121,51,1,75
BRDA:125,52,0,71
BRDA:125,52,1,12
BRDA:125,53,0,83
BRDA:125,53,1,75
BRDA:129,54,0,65
BRDA:129,54,1,18
BRDA:129,55,0,83
BRDA:129,55,1,75
BRDA:133,56,0,4
BRDA:133,56,1,79
BRDA:138,57,0,16
BRDA:138,57,1,67
BRDA:139,58,0,4
BRDA:139,58,1,79
BRDA:140,59,0,1
BRDA:140,59,1,3
BRDA:141,60,0,15
BRDA:141,60,1,64
BRDA:158,61,0,5
BRDA:158,61,1,78
BRDA:191,62,0,13
BRDA:191,62,1,10
BRDA:192,63,0,10
BRDA:194,64,0,1
BRDA:194,64,1,12
BRDA:209,65,0,3
BRDA:209,65,1,9
BRDA:241,66,0,1
BRDA:241,66,1,4
BRF:123
BRH:123
end_of_record
